2025-05-21 07:15:11 - Session started. USER_ID: 9, USER_TYPE: customer
2025-05-21 07:15:11 - Parameters - user_id: 9, product_id: 619, quantity: 1, search_text: p
2025-05-21 07:15:11 - Database connection established.
2025-05-21 07:15:11 - Customer ID retrieved: 302
2025-05-21 07:15:11 - Product price: 17, Discount: 0%, Discounted price: 17
2025-05-21 07:15:11 - Cart ID retrieved: null
2025-05-21 07:15:11 - Error executing insert cart query: ORA-01400: cannot insert NULL into ("SWOSTIK"."CART"."ORDER_PRODUCT_ID")
2025-05-21 07:15:11 - Exception: Failed to execute insert cart query: ORA-01400: cannot insert NULL into ("SWOSTIK"."CART"."ORDER_PRODUCT_ID")
2025-05-21 07:15:11 - Database connection closed.
2025-05-21 07:19:54 - Session started. USER_ID: 9, USER_TYPE: customer
2025-05-21 07:19:54 - Parameters - user_id: 9, product_id: 623, quantity: 1, search_text: 
2025-05-21 07:19:54 - Database connection established.
2025-05-21 07:19:54 - Customer ID retrieved: 302
2025-05-21 07:19:54 - Product price: 1, Discount: 0%, Discounted price: 1
2025-05-21 07:19:54 - Cart ID retrieved: null
2025-05-21 07:19:54 - Error executing insert cart query: ORA-01400: cannot insert NULL into ("SWOSTIK"."CART"."ORDER_PRODUCT_ID")
2025-05-21 07:19:54 - Exception: Failed to execute insert cart query: ORA-01400: cannot insert NULL into ("SWOSTIK"."CART"."ORDER_PRODUCT_ID")
2025-05-21 07:19:54 - Database connection closed.
2025-05-21 08:19:57 - Session started. USER_ID: 30, USER_TYPE: customer
2025-05-21 08:19:57 - Parameters - user_id: 30, product_id: 623, quantity: 1, search_text: 
2025-05-21 08:19:57 - Database connection established.
2025-05-21 08:19:57 - Customer ID retrieved: 320
2025-05-21 08:19:57 - Product price: 1, Discount: 0%, Discounted price: 1
2025-05-21 08:19:57 - Cart ID retrieved: null
2025-05-21 08:19:57 - Error executing insert cart query: ORA-01400: cannot insert NULL into ("TEST"."CART"."ORDER_PRODUCT_ID")
2025-05-21 08:19:57 - Exception: Failed to execute insert cart query: ORA-01400: cannot insert NULL into ("TEST"."CART"."ORDER_PRODUCT_ID")
2025-05-21 08:19:58 - Database connection closed.
2025-05-21 08:22:44 - Session started. USER_ID: 30, USER_TYPE: customer
2025-05-21 08:22:44 - Parameters - user_id: 30, product_id: 604, quantity: 1, search_text: 
2025-05-21 08:22:44 - Database connection established.
2025-05-21 08:22:44 - Customer ID retrieved: 320
2025-05-21 08:22:44 - Product price: 9, Discount: 10%, Discounted price: 8.1
2025-05-21 08:22:44 - Cart ID retrieved: null
2025-05-21 08:22:44 - Error executing insert cart query: ORA-01400: cannot insert NULL into ("TEST"."CART"."ORDER_PRODUCT_ID")
2025-05-21 08:22:44 - Exception: Failed to execute insert cart query: ORA-01400: cannot insert NULL into ("TEST"."CART"."ORDER_PRODUCT_ID")
2025-05-21 08:22:44 - Database connection closed.
2025-05-21 08:33:24 - Session started. USER_ID: 30, USER_TYPE: customer
2025-05-21 08:33:24 - Parameters - user_id: 30, product_id: 604, quantity: 1, search_text: 
2025-05-21 08:33:24 - Database connection established.
2025-05-21 08:33:24 - Customer ID retrieved: 320
2025-05-21 08:33:24 - Product price: 9, Discount: 10%, Discounted price: 8.1
2025-05-21 08:33:24 - Cart ID retrieved: null
2025-05-21 08:33:24 - Error executing insert cart query: ORA-02289: sequence does not exist
2025-05-21 08:33:24 - Exception: Failed to execute insert cart query: ORA-02289: sequence does not exist
2025-05-21 08:33:24 - Database connection closed.
2025-05-21 08:33:47 - Session started. USER_ID: 30, USER_TYPE: customer
2025-05-21 08:33:47 - Parameters - user_id: 30, product_id: 604, quantity: 1, search_text: 
2025-05-21 08:33:47 - Database connection established.
2025-05-21 08:33:47 - Customer ID retrieved: 320
2025-05-21 08:33:47 - Product price: 9, Discount: 10%, Discounted price: 8.1
2025-05-21 08:33:47 - Cart ID retrieved: null
2025-05-21 08:33:47 - Error executing insert cart query: ORA-02289: sequence does not exist
2025-05-21 08:33:47 - Exception: Failed to execute insert cart query: ORA-02289: sequence does not exist
2025-05-21 08:33:47 - Database connection closed.
2025-05-21 08:34:48 - Session started. USER_ID: 30, USER_TYPE: customer
2025-05-21 08:34:48 - Parameters - user_id: 30, product_id: 604, quantity: 1, search_text: 
2025-05-21 08:34:49 - Database connection established.
2025-05-21 08:34:49 - Customer ID retrieved: 320
2025-05-21 08:34:49 - Product price: 9, Discount: 10%, Discounted price: 8.1
2025-05-21 08:34:49 - Cart ID retrieved: null
2025-05-21 08:34:49 - Error executing insert cart query: ORA-02289: sequence does not exist
2025-05-21 08:34:49 - Exception: Failed to execute insert cart query: ORA-02289: sequence does not exist
2025-05-21 08:34:49 - Database connection closed.
2025-05-21 08:36:38 - Session started. USER_ID: 30, USER_TYPE: customer
2025-05-21 08:36:38 - Parameters - user_id: 30, product_id: 604, quantity: 1, search_text: 
2025-05-21 08:36:38 - Database connection established.
2025-05-21 08:36:38 - Customer ID retrieved: 320
2025-05-21 08:36:38 - Product price: 9, Discount: 10%, Discounted price: 8.1
2025-05-21 08:36:38 - Cart ID retrieved: null
2025-05-21 08:36:38 - Error executing insert cart query: ORA-02289: sequence does not exist
2025-05-21 08:36:38 - Exception: Failed to execute insert cart query: ORA-02289: sequence does not exist
2025-05-21 08:36:38 - Database connection closed.
2025-05-21 08:39:10 - Session started. USER_ID: 30, USER_TYPE: customer
2025-05-21 08:39:10 - Parameters - user_id: 30, product_id: 604, quantity: 1, search_text: 
2025-05-21 08:39:10 - Database connection established.
2025-05-21 08:39:10 - Customer ID retrieved: 320
2025-05-21 08:39:10 - Product price: 9, Discount: 10%, Discounted price: 8.1
2025-05-21 08:39:10 - Cart ID retrieved: null
2025-05-21 08:39:10 - New cart created with ID: 902
2025-05-21 08:39:10 - Total products in cart: 0
2025-05-21 08:39:10 - Existing quantity of product 604 in cart: 0
2025-05-21 08:39:10 - Inserted product 604 into cart with quantity 1
2025-05-21 08:39:10 - Database connection closed.
2025-05-21 08:40:44 - Session started. USER_ID: 30, USER_TYPE: customer
2025-05-21 08:40:44 - Parameters - user_id: 30, product_id: 623, quantity: 1, search_text: 
2025-05-21 08:40:44 - Database connection established.
2025-05-21 08:40:44 - Customer ID retrieved: 320
2025-05-21 08:40:44 - Product price: 1, Discount: 0%, Discounted price: 1
2025-05-21 08:40:44 - Cart ID retrieved: null
2025-05-21 08:40:44 - New cart created with ID: 903
2025-05-21 08:40:44 - Total products in cart: 0
2025-05-21 08:40:44 - Existing quantity of product 623 in cart: 0
2025-05-21 08:40:44 - Inserted product 623 into cart with quantity 1
2025-05-21 08:40:44 - Database connection closed.
2025-05-21 09:04:53 - Session started. USER_ID: 50, USER_TYPE: customer
2025-05-21 09:04:53 - Parameters - user_id: 50, product_id: 604, quantity: 1, search_text: 
2025-05-21 09:04:53 - Database connection established.
2025-05-21 09:04:53 - Customer ID retrieved: 340
2025-05-21 09:04:53 - Product price: 9, Discount: 10%, Discounted price: 8.1
2025-05-21 09:04:53 - Cart ID retrieved: null
2025-05-21 09:04:53 - New cart created with ID: 904
2025-05-21 09:04:53 - Total products in cart: 0
2025-05-21 09:04:53 - Existing quantity of product 604 in cart: 0
2025-05-21 09:04:53 - Inserted product 604 into cart with quantity 1
2025-05-21 09:04:53 - Database connection closed.
2025-05-21 09:08:23 - Session started. USER_ID: 50, USER_TYPE: customer
2025-05-21 09:08:23 - Parameters - user_id: 50, product_id: 604, quantity: 1, search_text: 
2025-05-21 09:08:23 - Database connection established.
2025-05-21 09:08:23 - Customer ID retrieved: 340
2025-05-21 09:08:23 - Product price: 9, Discount: 10%, Discounted price: 8.1
2025-05-21 09:08:23 - Cart ID retrieved: null
2025-05-21 09:08:23 - New cart created with ID: 905
2025-05-21 09:08:23 - Total products in cart: 0
2025-05-21 09:08:23 - Existing quantity of product 604 in cart: 0
2025-05-21 09:08:23 - Inserted product 604 into cart with quantity 1
2025-05-21 09:08:23 - Database connection closed.
2025-05-21 09:18:07 - Session started. USER_ID: 50, USER_TYPE: customer
2025-05-21 09:18:07 - Parameters - user_id: 50, product_id: 624, quantity: 1, search_text: 
2025-05-21 09:18:07 - Database connection established.
2025-05-21 09:18:07 - Customer ID retrieved: 340
2025-05-21 09:18:07 - Product price: 3, Discount: 0%, Discounted price: 3
2025-05-21 09:18:07 - Cart ID retrieved: null
2025-05-21 09:18:08 - New cart created with ID: 906
2025-05-21 09:18:08 - Total products in cart: 0
2025-05-21 09:18:08 - Existing quantity of product 624 in cart: 0
2025-05-21 09:18:08 - Inserted product 624 into cart with quantity 1
2025-05-21 09:18:08 - Database connection closed.
2025-05-21 09:20:35 - Session started. USER_ID: 50, USER_TYPE: customer
2025-05-21 09:20:35 - Parameters - user_id: 50, product_id: 624, quantity: 1, search_text: 
2025-05-21 09:20:35 - Database connection established.
2025-05-21 09:20:35 - Customer ID retrieved: 340
2025-05-21 09:20:35 - Product price: 3, Discount: 0%, Discounted price: 3
2025-05-21 09:20:35 - Cart ID retrieved: null
2025-05-21 09:20:35 - New cart created with ID: 907
2025-05-21 09:20:35 - Total products in cart: 0
2025-05-21 09:20:35 - Existing quantity of product 624 in cart: 0
2025-05-21 09:20:35 - Inserted product 624 into cart with quantity 1
2025-05-21 09:20:35 - Database connection closed.
2025-05-21 09:53:17 - Session started. USER_ID: 11, USER_TYPE: customer
2025-05-21 09:53:17 - Parameters - user_id: 11, product_id: 622, quantity: 1, search_text: 
2025-05-21 09:53:17 - Database connection established.
2025-05-21 09:53:17 - Customer ID retrieved: 301
2025-05-21 09:53:17 - Product price: 14, Discount: 0%, Discounted price: 14
2025-05-21 09:53:17 - Cart ID retrieved: null
2025-05-21 09:53:17 - New cart created with ID: 901
2025-05-21 09:53:17 - Total products in cart: 0
2025-05-21 09:53:18 - Existing quantity of product 622 in cart: 0
2025-05-21 09:53:18 - Inserted product 622 into cart with quantity 1
2025-05-21 09:53:18 - Database connection closed.
2025-05-21 09:53:37 - Session started. USER_ID: 11, USER_TYPE: customer
2025-05-21 09:53:37 - Parameters - user_id: 11, product_id: 622, quantity: 1, search_text: 
2025-05-21 09:53:37 - Database connection established.
2025-05-21 09:53:37 - Customer ID retrieved: 301
2025-05-21 09:53:37 - Product price: 14, Discount: 0%, Discounted price: 14
2025-05-21 09:53:37 - Cart ID retrieved: null
2025-05-21 09:53:37 - New cart created with ID: 902
2025-05-21 09:53:37 - Total products in cart: 0
2025-05-21 09:53:37 - Existing quantity of product 622 in cart: 0
2025-05-21 09:53:37 - Inserted product 622 into cart with quantity 1
2025-05-21 09:53:37 - Database connection closed.
2025-05-21 09:53:42 - Session started. USER_ID: 11, USER_TYPE: customer
2025-05-21 09:53:42 - Parameters - user_id: 11, product_id: 604, quantity: 1, search_text: 
2025-05-21 09:53:42 - Database connection established.
2025-05-21 09:53:42 - Customer ID retrieved: 301
2025-05-21 09:53:42 - Product price: 9, Discount: 0%, Discounted price: 9
2025-05-21 09:53:42 - Cart ID retrieved: null
2025-05-21 09:53:42 - New cart created with ID: 903
2025-05-21 09:53:42 - Total products in cart: 0
2025-05-21 09:53:42 - Existing quantity of product 604 in cart: 0
2025-05-21 09:53:42 - Inserted product 604 into cart with quantity 1
2025-05-21 09:53:42 - Database connection closed.
2025-05-21 11:40:42 - Session started. USER_ID: 12, USER_TYPE: customer
2025-05-21 11:40:42 - Parameters - user_id: 12, product_id: 622, quantity: 1, search_text: 
2025-05-21 11:40:42 - Database connection established.
2025-05-21 11:40:42 - Customer ID retrieved: 302
2025-05-21 11:40:42 - Product price: 14, Discount: 0%, Discounted price: 14
2025-05-21 11:40:42 - Cart ID retrieved: null
2025-05-21 11:40:42 - New cart created with ID: 931
2025-05-21 11:40:42 - Total products in cart: 0
2025-05-21 11:40:42 - Existing quantity of product 622 in cart: 0
2025-05-21 11:40:42 - Inserted product 622 into cart with quantity 1
2025-05-21 11:40:42 - Database connection closed.
2025-05-21 11:41:29 - Session started. USER_ID: 12, USER_TYPE: customer
2025-05-21 11:41:29 - Parameters - user_id: 12, product_id: 624, quantity: 1, search_text: 
2025-05-21 11:41:29 - Database connection established.
2025-05-21 11:41:29 - Customer ID retrieved: 302
2025-05-21 11:41:29 - Product price: 3, Discount: 0%, Discounted price: 3
2025-05-21 11:41:29 - Cart ID retrieved: null
2025-05-21 11:41:29 - New cart created with ID: 932
2025-05-21 11:41:29 - Total products in cart: 0
2025-05-21 11:41:29 - Existing quantity of product 624 in cart: 0
2025-05-21 11:41:29 - Inserted product 624 into cart with quantity 1
2025-05-21 11:41:29 - Database connection closed.
2025-05-21 11:42:47 - Session started. USER_ID: 12, USER_TYPE: customer
2025-05-21 11:42:47 - Parameters - user_id: 12, product_id: 623, quantity: 1, search_text: 
2025-05-21 11:42:47 - Database connection established.
2025-05-21 11:42:47 - Customer ID retrieved: 302
2025-05-21 11:42:47 - Product price: 1, Discount: 0%, Discounted price: 1
2025-05-21 11:42:47 - Cart ID retrieved: null
2025-05-21 11:42:47 - New cart created with ID: 933
2025-05-21 11:42:47 - Total products in cart: 0
2025-05-21 11:42:47 - Existing quantity of product 623 in cart: 0
2025-05-21 11:42:47 - Inserted product 623 into cart with quantity 1
2025-05-21 11:42:47 - Database connection closed.
2025-05-21 11:44:53 - Session started. USER_ID: 12, USER_TYPE: customer
2025-05-21 11:44:53 - Parameters - user_id: 12, product_id: 624, quantity: 1, search_text: 
2025-05-21 11:44:53 - Database connection established.
2025-05-21 11:44:53 - Customer ID retrieved: 302
2025-05-21 11:44:53 - Product price: 3, Discount: 0%, Discounted price: 3
2025-05-21 11:44:53 - Cart ID retrieved: null
2025-05-21 11:44:53 - New cart created with ID: 934
2025-05-21 11:44:53 - Total products in cart: 0
2025-05-21 11:44:53 - Existing quantity of product 624 in cart: 0
2025-05-21 11:44:53 - Inserted product 624 into cart with quantity 1
2025-05-21 11:44:53 - Database connection closed.
2025-05-21 11:47:36 - Session started. USER_ID: 12, USER_TYPE: customer
2025-05-21 11:47:36 - Parameters - user_id: 12, product_id: 624, quantity: 1, search_text: 
2025-05-21 11:47:36 - Database connection established.
2025-05-21 11:47:36 - Customer ID retrieved: 302
2025-05-21 11:47:36 - Product price: 3, Discount: 0%, Discounted price: 3
2025-05-21 11:47:36 - Cart ID retrieved: null
2025-05-21 11:47:36 - New cart created with ID: 935
2025-05-21 11:47:36 - Total products in cart: 0
2025-05-21 11:47:36 - Existing quantity of product 624 in cart: 0
2025-05-21 11:47:36 - Inserted product 624 into cart with quantity 1
2025-05-21 11:47:36 - Database connection closed.
2025-05-21 12:02:08 - Session started. USER_ID: 12, USER_TYPE: customer
2025-05-21 12:02:08 - Parameters - user_id: 12, product_id: 624, quantity: 1, search_text: 
2025-05-21 12:02:08 - Database connection established.
2025-05-21 12:02:08 - Customer ID retrieved: 302
2025-05-21 12:02:08 - Product price: 3, Discount: 0%, Discounted price: 3
2025-05-21 12:02:08 - Cart ID retrieved: null
2025-05-21 12:02:08 - New cart created with ID: 937
2025-05-21 12:02:08 - Total products in cart: 0
2025-05-21 12:02:08 - Existing quantity of product 624 in cart: 0
2025-05-21 12:02:08 - Inserted product 624 into cart with quantity 1
2025-05-21 12:02:08 - Database connection closed.
2025-05-21 12:05:33 - Session started. USER_ID: 12, USER_TYPE: customer
2025-05-21 12:05:33 - Parameters - user_id: 12, product_id: 621, quantity: 1, search_text: 
2025-05-21 12:05:34 - Database connection established.
2025-05-21 12:05:34 - Customer ID retrieved: 302
2025-05-21 12:05:34 - Product price: 1, Discount: 0%, Discounted price: 1
2025-05-21 12:05:34 - Cart ID retrieved: null
2025-05-21 12:05:34 - New cart created with ID: 939
2025-05-21 12:05:34 - Total products in cart: 0
2025-05-21 12:05:34 - Existing quantity of product 621 in cart: 0
2025-05-21 12:05:34 - Inserted product 621 into cart with quantity 1
2025-05-21 12:05:34 - Database connection closed.
2025-05-21 12:06:33 - Session started. USER_ID: 12, USER_TYPE: customer
2025-05-21 12:06:33 - Parameters - user_id: 12, product_id: 623, quantity: 1, search_text: 
2025-05-21 12:06:33 - Database connection established.
2025-05-21 12:06:33 - Customer ID retrieved: 302
2025-05-21 12:06:33 - Product price: 1, Discount: 0%, Discounted price: 1
2025-05-21 12:06:33 - Cart ID retrieved: null
2025-05-21 12:06:33 - New cart created with ID: 949
2025-05-21 12:06:33 - Total products in cart: 0
2025-05-21 12:06:33 - Existing quantity of product 623 in cart: 0
2025-05-21 12:06:33 - Inserted product 623 into cart with quantity 1
2025-05-21 12:06:33 - Database connection closed.
2025-05-21 19:05:47 - Session started. USER_ID: 56, USER_TYPE: customer
2025-05-21 19:05:47 - Parameters - user_id: 56, product_id: 622, quantity: 1, search_text: 
2025-05-21 19:05:47 - Database connection established.
2025-05-21 19:05:47 - Customer ID retrieved: 350
2025-05-21 19:05:47 - Product price: 14, Discount: 0%, Discounted price: 14
2025-05-21 19:05:47 - Cart ID retrieved: null
2025-05-21 19:05:47 - Error executing insert cart query: ORA-00001: unique constraint (TEST.PK_CART_ID) violated
2025-05-21 19:05:47 - Exception: Failed to execute insert cart query: ORA-00001: unique constraint (TEST.PK_CART_ID) violated
2025-05-21 19:05:47 - Database connection closed.
2025-05-21 19:05:53 - Session started. USER_ID: 56, USER_TYPE: customer
2025-05-21 19:05:53 - Parameters - user_id: 56, product_id: 622, quantity: 1, search_text: 
2025-05-21 19:05:53 - Database connection established.
2025-05-21 19:05:53 - Customer ID retrieved: 350
2025-05-21 19:05:53 - Product price: 14, Discount: 0%, Discounted price: 14
2025-05-21 19:05:53 - Cart ID retrieved: null
2025-05-21 19:05:53 - Error executing insert cart query: ORA-00001: unique constraint (TEST.PK_CART_ID) violated
2025-05-21 19:05:53 - Exception: Failed to execute insert cart query: ORA-00001: unique constraint (TEST.PK_CART_ID) violated
2025-05-21 19:05:53 - Database connection closed.
2025-05-21 19:06:27 - Session started. USER_ID: 56, USER_TYPE: customer
2025-05-21 19:06:27 - Parameters - user_id: 56, product_id: 623, quantity: 1, search_text: 
2025-05-21 19:06:27 - Database connection established.
2025-05-21 19:06:27 - Customer ID retrieved: 350
2025-05-21 19:06:27 - Product price: 1, Discount: 0%, Discounted price: 1
2025-05-21 19:06:27 - Cart ID retrieved: null
2025-05-21 19:06:27 - New cart created with ID: 910
2025-05-21 19:06:27 - Total products in cart: 0
2025-05-21 19:06:27 - Existing quantity of product 623 in cart: 0
2025-05-21 19:06:27 - Inserted product 623 into cart with quantity 1
2025-05-21 19:06:27 - Database connection closed.
2025-05-21 19:13:43 - Session started. USER_ID: 56, USER_TYPE: customer
2025-05-21 19:13:43 - Parameters - user_id: 56, product_id: 614, quantity: 1, search_text: 
2025-05-21 19:13:44 - Database connection established.
2025-05-21 19:13:44 - Customer ID retrieved: 350
2025-05-21 19:13:44 - Product price: 100, Discount: 0%, Discounted price: 100
2025-05-21 19:13:44 - Cart ID retrieved: null
2025-05-21 19:13:44 - Error executing insert cart query: ORA-00001: unique constraint (TEST.PK_CART_ID) violated
2025-05-21 19:13:44 - Exception: Failed to execute insert cart query: ORA-00001: unique constraint (TEST.PK_CART_ID) violated
2025-05-21 19:13:44 - Database connection closed.
2025-05-21 19:21:05 - Session started. USER_ID: 56, USER_TYPE: customer
2025-05-21 19:21:05 - Parameters - user_id: 56, product_id: 614, quantity: 1, search_text: 
2025-05-21 19:21:05 - Database connection established.
2025-05-21 19:21:05 - Customer ID retrieved: 350
2025-05-21 19:21:05 - Product price: 100, Discount: 0%, Discounted price: 100
2025-05-21 19:21:05 - Cart ID retrieved: null
2025-05-21 19:21:05 - New cart created with ID: 911
2025-05-21 19:21:05 - Total products in cart: 0
2025-05-21 19:21:05 - Existing quantity of product 614 in cart: 0
2025-05-21 19:21:05 - Inserted product 614 into cart with quantity 1
2025-05-21 19:21:05 - Database connection closed.
2025-05-21 19:22:45 - Session started. USER_ID: 56, USER_TYPE: customer
2025-05-21 19:22:45 - Parameters - user_id: 56, product_id: 614, quantity: 1, search_text: 
2025-05-21 19:22:45 - Database connection established.
2025-05-21 19:22:45 - Customer ID retrieved: 350
2025-05-21 19:22:45 - Product price: 100, Discount: 0%, Discounted price: 100
2025-05-21 19:22:45 - Cart ID retrieved: null
2025-05-21 19:22:45 - New cart created with ID: 912
2025-05-21 19:22:45 - Total products in cart: 0
2025-05-21 19:22:45 - Existing quantity of product 614 in cart: 0
2025-05-21 19:22:45 - Inserted product 614 into cart with quantity 1
2025-05-21 19:22:45 - Database connection closed.
2025-05-21 19:36:58 - Session started. USER_ID: 60, USER_TYPE: customer
2025-05-21 19:36:58 - Parameters - user_id: 60, product_id: 622, quantity: 1, search_text: 
2025-05-21 19:36:58 - Database connection established.
2025-05-21 19:36:58 - Customer ID retrieved: 350
2025-05-21 19:36:58 - Product price: 14, Discount: 0%, Discounted price: 14
2025-05-21 19:36:58 - Cart ID retrieved: null
2025-05-21 19:36:58 - New cart created with ID: 910
2025-05-21 19:36:58 - Total products in cart: 0
2025-05-21 19:36:58 - Existing quantity of product 622 in cart: 0
2025-05-21 19:36:58 - Inserted product 622 into cart with quantity 1
2025-05-21 19:36:58 - Database connection closed.
2025-05-21 19:37:55 - Session started. USER_ID: 60, USER_TYPE: customer
2025-05-21 19:37:55 - Parameters - user_id: 60, product_id: 623, quantity: 1, search_text: 
2025-05-21 19:37:55 - Database connection established.
2025-05-21 19:37:55 - Customer ID retrieved: 350
2025-05-21 19:37:55 - Product price: 1, Discount: 0%, Discounted price: 1
2025-05-21 19:37:55 - Cart ID retrieved: null
2025-05-21 19:37:55 - New cart created with ID: 911
2025-05-21 19:37:55 - Total products in cart: 0
2025-05-21 19:37:55 - Existing quantity of product 623 in cart: 0
2025-05-21 19:37:55 - Inserted product 623 into cart with quantity 1
2025-05-21 19:37:55 - Database connection closed.
2025-05-21 19:57:42 - Session started. USER_ID: 60, USER_TYPE: customer
2025-05-21 19:57:42 - Parameters - user_id: 60, product_id: 622, quantity: 1, search_text: 
2025-05-21 19:57:42 - Database connection established.
2025-05-21 19:57:42 - Customer ID retrieved: 350
2025-05-21 19:57:42 - Cart ID from DB: null
2025-05-21 19:57:42 - Error executing insert cart query: ORA-01400: cannot insert NULL into ("TEST"."CART"."ORDER_PRODUCT_ID")
2025-05-21 19:57:42 - Exception: Failed to execute insert cart query: ORA-01400: cannot insert NULL into ("TEST"."CART"."ORDER_PRODUCT_ID")
2025-05-21 19:57:42 - Database connection closed.
2025-05-21 19:57:56 - Session started. USER_ID: 60, USER_TYPE: customer
2025-05-21 19:57:56 - Parameters - user_id: 60, product_id: 623, quantity: 1, search_text: 
2025-05-21 19:57:56 - Database connection established.
2025-05-21 19:57:56 - Customer ID retrieved: 350
2025-05-21 19:57:56 - Cart ID from DB: null
2025-05-21 19:57:56 - Error executing insert cart query: ORA-01400: cannot insert NULL into ("TEST"."CART"."ORDER_PRODUCT_ID")
2025-05-21 19:57:56 - Exception: Failed to execute insert cart query: ORA-01400: cannot insert NULL into ("TEST"."CART"."ORDER_PRODUCT_ID")
2025-05-21 19:57:56 - Database connection closed.
2025-05-21 19:58:06 - Session started. USER_ID: 60, USER_TYPE: customer
2025-05-21 19:58:06 - Parameters - user_id: 60, product_id: 622, quantity: 1, search_text: 
2025-05-21 19:58:06 - Database connection established.
2025-05-21 19:58:06 - Customer ID retrieved: 350
2025-05-21 19:58:06 - Cart ID from DB: null
2025-05-21 19:58:06 - Error executing insert cart query: ORA-01400: cannot insert NULL into ("TEST"."CART"."ORDER_PRODUCT_ID")
2025-05-21 19:58:06 - Exception: Failed to execute insert cart query: ORA-01400: cannot insert NULL into ("TEST"."CART"."ORDER_PRODUCT_ID")
2025-05-21 19:58:06 - Database connection closed.
2025-05-21 20:01:59 - Session started. USER_ID: 60, USER_TYPE: customer
2025-05-21 20:01:59 - Parameters - user_id: 60, product_id: 623, quantity: 1, search_text: 
2025-05-21 20:01:59 - Database connection established.
2025-05-21 20:01:59 - Customer ID retrieved: 350
2025-05-21 20:01:59 - Cart ID from DB: null
2025-05-21 20:01:59 - New cart created with ID: 915
2025-05-21 20:01:59 - Product price: 1, Discount: 0%, Discounted price: 1
2025-05-21 20:01:59 - Total products in cart: 0
2025-05-21 20:01:59 - Existing quantity of product 623 in cart: 0
2025-05-21 20:01:59 - Inserted product 623 into cart with quantity 1
2025-05-21 20:01:59 - Database connection closed.
2025-05-21 20:02:04 - Session started. USER_ID: 60, USER_TYPE: customer
2025-05-21 20:02:04 - Parameters - user_id: 60, product_id: 604, quantity: 1, search_text: 
2025-05-21 20:02:04 - Database connection established.
2025-05-21 20:02:04 - Customer ID retrieved: 350
2025-05-21 20:02:04 - Product price: 9, Discount: 0%, Discounted price: 9
2025-05-21 20:02:04 - Total products in cart: 1
2025-05-21 20:02:04 - Existing quantity of product 604 in cart: 0
2025-05-21 20:02:04 - Inserted product 604 into cart with quantity 1
2025-05-21 20:02:04 - Database connection closed.
2025-05-21 20:02:20 - Session started. USER_ID: 60, USER_TYPE: customer
2025-05-21 20:02:20 - Parameters - user_id: 60, product_id: 624, quantity: 1, search_text: 
2025-05-21 20:02:20 - Database connection established.
2025-05-21 20:02:20 - Customer ID retrieved: 350
2025-05-21 20:02:20 - Product price: 3, Discount: 0%, Discounted price: 3
2025-05-21 20:02:20 - Total products in cart: 2
2025-05-21 20:02:20 - Existing quantity of product 624 in cart: 0
2025-05-21 20:02:20 - Inserted product 624 into cart with quantity 1
2025-05-21 20:02:20 - Database connection closed.
2025-05-21 20:02:24 - Session started. USER_ID: 60, USER_TYPE: customer
2025-05-21 20:02:24 - Parameters - user_id: 60, product_id: 620, quantity: 1, search_text: 
2025-05-21 20:02:24 - Database connection established.
2025-05-21 20:02:24 - Customer ID retrieved: 350
2025-05-21 20:02:24 - Product price: 3, Discount: 0%, Discounted price: 3
2025-05-21 20:02:24 - Total products in cart: 3
2025-05-21 20:02:24 - Existing quantity of product 620 in cart: 0
2025-05-21 20:02:24 - Inserted product 620 into cart with quantity 1
2025-05-21 20:02:24 - Database connection closed.
2025-05-21 20:02:28 - Session started. USER_ID: 60, USER_TYPE: customer
2025-05-21 20:02:28 - Parameters - user_id: 60, product_id: 618, quantity: 1, search_text: 
2025-05-21 20:02:28 - Database connection established.
2025-05-21 20:02:28 - Customer ID retrieved: 350
2025-05-21 20:02:28 - Product price: 45, Discount: 0%, Discounted price: 45
2025-05-21 20:02:28 - Total products in cart: 4
2025-05-21 20:02:28 - Existing quantity of product 618 in cart: 0
2025-05-21 20:02:28 - Inserted product 618 into cart with quantity 1
2025-05-21 20:02:28 - Database connection closed.
