Cart: Session ID: o360lchg9bmnao07pp69ksorth, USER_ID: 9, USER_TYPE: customerCart: After session.php, USER_ID: 9, USER_TYPE: customerCart: Session ID: o360lchg9bmnao07pp69ksorth, USER_ID: 9, USER_TYPE: customerCart: After session.php, USER_ID: 9, USER_TYPE: customerCart: Session ID: o360lchg9bmnao07pp69ksorth, USER_ID: 9, USER_TYPE: customerCart: After session.php, USER_ID: 9, USER_TYPE: customerCart: Session ID: o360lchg9bmnao07pp69ksorth, USER_ID: 9, USER_TYPE: customerCart: After session.php, USER_ID: 9, USER_TYPE: customerSignin: Session started, ID: 844ts5tcl4n2mskhlm47qiof9cSignin: Session started, ID: r5916u1sg1vd5tu7p0ajtmd19bSignin: Session started, ID: ommll4cqdluj127ogm9f69j54oCart: Session ID: ommll4cqdluj127ogm9f69j54o, USER_ID: 9, USER_TYPE: customerCart: After session.php, USER_ID: 9, USER_TYPE: customerSignin: Session started, ID: 6au0v9knp144mo20nbj08s8f8fSignin: Session started, ID: 0835b7ka5p7a0m85jek32ln8lmSignin: Session started, ID: 5im04sor9kagnf4cqh9a1ctf1tCart: Session ID: 5im04sor9kagnf4cqh9a1ctf1t, USER_ID: 30, USER_TYPE: customerCart: After session.php, USER_ID: 30, USER_TYPE: customerCart: Session ID: 5im04sor9kagnf4cqh9a1ctf1t, USER_ID: 30, USER_TYPE: customerCart: After session.php, USER_ID: 30, USER_TYPE: customerCart: Session ID: 5im04sor9kagnf4cqh9a1ctf1t, USER_ID: 30, USER_TYPE: customerCart: After session.php, USER_ID: 30, USER_TYPE: customerCart: Session ID: 5im04sor9kagnf4cqh9a1ctf1t, USER_ID: 30, USER_TYPE: customerCart: After session.php, USER_ID: 30, USER_TYPE: customerCart: Session ID: 5im04sor9kagnf4cqh9a1ctf1t, USER_ID: 30, USER_TYPE: customerCart: After session.php, USER_ID: 30, USER_TYPE: customerCart: Session ID: 5im04sor9kagnf4cqh9a1ctf1t, USER_ID: 30, USER_TYPE: customerCart: After session.php, USER_ID: 30, USER_TYPE: customerCart: Session ID: 5im04sor9kagnf4cqh9a1ctf1t, USER_ID: 30, USER_TYPE: customerCart: After session.php, USER_ID: 30, USER_TYPE: customerCart: Session ID: 5im04sor9kagnf4cqh9a1ctf1t, USER_ID: 30, USER_TYPE: customerCart: After session.php, USER_ID: 30, USER_TYPE: customerCart: Session ID: 5im04sor9kagnf4cqh9a1ctf1t, USER_ID: 30, USER_TYPE: customerCart: After session.php, USER_ID: 30, USER_TYPE: customerCart: Session ID: 5im04sor9kagnf4cqh9a1ctf1t, USER_ID: 30, USER_TYPE: customerCart: After session.php, USER_ID: 30, USER_TYPE: customerCart: Session ID: 5im04sor9kagnf4cqh9a1ctf1t, USER_ID: 30, USER_TYPE: customerCart: After session.php, USER_ID: 30, USER_TYPE: customerSignin: Session started, ID: 11d4dm6jpaepu4m6hghs5dp7gdSignin: Session started, ID: 8dad6qs6v3n3iv6kfj1ne4b58mSignin: Session started, ID: ssk2mrvp65pjubhkiaas6mlccjCart: Session ID: ssk2mrvp65pjubhkiaas6mlccj, USER_ID: 50, USER_TYPE: customerCart: After session.php, USER_ID: 50, USER_TYPE: customerCart: Session ID: ssk2mrvp65pjubhkiaas6mlccj, USER_ID: 50, USER_TYPE: customerCart: After session.php, USER_ID: 50, USER_TYPE: customerCart: Session ID: ssk2mrvp65pjubhkiaas6mlccj, USER_ID: 50, USER_TYPE: customerCart: After session.php, USER_ID: 50, USER_TYPE: customerCart: Session ID: ssk2mrvp65pjubhkiaas6mlccj, USER_ID: 50, USER_TYPE: customerCart: After session.php, USER_ID: 50, USER_TYPE: customerCart: Session ID: ssk2mrvp65pjubhkiaas6mlccj, USER_ID: 50, USER_TYPE: customerCart: After session.php, USER_ID: 50, USER_TYPE: customerCart: Session ID: ssk2mrvp65pjubhkiaas6mlccj, USER_ID: 50, USER_TYPE: customerCart: After session.php, USER_ID: 50, USER_TYPE: customerCart: Session ID: ssk2mrvp65pjubhkiaas6mlccj, USER_ID: 50, USER_TYPE: customerCart: After session.php, USER_ID: 50, USER_TYPE: customerCart: Session ID: ssk2mrvp65pjubhkiaas6mlccj, USER_ID: 50, USER_TYPE: customerCart: After session.php, USER_ID: 50, USER_TYPE: customerCart: Session ID: ssk2mrvp65pjubhkiaas6mlccj, USER_ID: 50, USER_TYPE: customerCart: After session.php, USER_ID: 50, USER_TYPE: customerCart: Session ID: ssk2mrvp65pjubhkiaas6mlccj, USER_ID: 50, USER_TYPE: customerCart: After session.php, USER_ID: 50, USER_TYPE: customerCart: Session ID: ssk2mrvp65pjubhkiaas6mlccj, USER_ID: 50, USER_TYPE: customerCart: After session.php, USER_ID: 50, USER_TYPE: customerCart: Session ID: ssk2mrvp65pjubhkiaas6mlccj, USER_ID: 50, USER_TYPE: customerCart: After session.php, USER_ID: 50, USER_TYPE: customerCart: Session ID: ssk2mrvp65pjubhkiaas6mlccj, USER_ID: 50, USER_TYPE: customerCart: After session.php, USER_ID: 50, USER_TYPE: customerCart: Session ID: ssk2mrvp65pjubhkiaas6mlccj, USER_ID: 50, USER_TYPE: customerCart: After session.php, USER_ID: 50, USER_TYPE: customerCart: Session ID: ssk2mrvp65pjubhkiaas6mlccj, USER_ID: 50, USER_TYPE: customerCart: After session.php, USER_ID: 50, USER_TYPE: customerCart: Session ID: ssk2mrvp65pjubhkiaas6mlccj, USER_ID: 50, USER_TYPE: customerCart: After session.php, USER_ID: 50, USER_TYPE: customerCart: Session ID: ssk2mrvp65pjubhkiaas6mlccj, USER_ID: 50, USER_TYPE: customerCart: After session.php, USER_ID: 50, USER_TYPE: customerCart: Session ID: kpbdi8728enm46vdv4sh1g3ihh, USER_ID: 11, USER_TYPE: customerCart: After session.php, USER_ID: 11, USER_TYPE: customerCart: Session ID: kpbdi8728enm46vdv4sh1g3ihh, USER_ID: 11, USER_TYPE: customerCart: After session.php, USER_ID: 11, USER_TYPE: customerCart: Session ID: kpbdi8728enm46vdv4sh1g3ihh, USER_ID: 11, USER_TYPE: customerCart: After session.php, USER_ID: 11, USER_TYPE: customerCart: Session ID: kpbdi8728enm46vdv4sh1g3ihh, USER_ID: 11, USER_TYPE: customerCart: After session.php, USER_ID: 11, USER_TYPE: customerSignin: Session started, ID: 1c09ds7521lr4jeu0pn5jtnj3vSignin: Session started, ID: 3tn32l38imchkms2k58jl9h6n8Signin: Session started, ID: c4r2jfvb9ajuk7qk2e9mjb3rejCart: Session ID: c4r2jfvb9ajuk7qk2e9mjb3rej, USER_ID: 12, USER_TYPE: customerCart: After session.php, USER_ID: 12, USER_TYPE: customerCart: Session ID: c4r2jfvb9ajuk7qk2e9mjb3rej, USER_ID: 12, USER_TYPE: customerCart: After session.php, USER_ID: 12, USER_TYPE: customerCart Creation Error: ORA-01400: cannot insert NULL into ("SAMPURNA"."CART"."ORDER_PRODUCT_ID")Cart: Session ID: c4r2jfvb9ajuk7qk2e9mjb3rej, USER_ID: 12, USER_TYPE: customerCart: After session.php, USER_ID: 12, USER_TYPE: customerCart Creation Error: ORA-01400: cannot insert NULL into ("SAMPURNA"."CART"."ORDER_PRODUCT_ID")Cart: Session ID: c4r2jfvb9ajuk7qk2e9mjb3rej, USER_ID: 12, USER_TYPE: customerCart: After session.php, USER_ID: 12, USER_TYPE: customerCart Creation Error: ORA-01400: cannot insert NULL into ("SAMPURNA"."CART"."ORDER_PRODUCT_ID")Cart: Session ID: c4r2jfvb9ajuk7qk2e9mjb3rej, USER_ID: 12, USER_TYPE: customerCart: After session.php, USER_ID: 12, USER_TYPE: customerCart Creation Error: ORA-01400: cannot insert NULL into ("SAMPURNA"."CART"."ORDER_PRODUCT_ID")Cart: Session ID: c4r2jfvb9ajuk7qk2e9mjb3rej, USER_ID: 12, USER_TYPE: customerCart: After session.php, USER_ID: 12, USER_TYPE: customerCart Creation Error: ORA-01400: cannot insert NULL into ("SAMPURNA"."CART"."ORDER_PRODUCT_ID")Cart: Session ID: c4r2jfvb9ajuk7qk2e9mjb3rej, USER_ID: 12, USER_TYPE: customerCart: After session.php, USER_ID: 12, USER_TYPE: customerCart Creation Error: ORA-01400: cannot insert NULL into ("SAMPURNA"."CART"."ORDER_PRODUCT_ID")Cart: Session ID: c4r2jfvb9ajuk7qk2e9mjb3rej, USER_ID: 12, USER_TYPE: customerCart: After session.php, USER_ID: 12, USER_TYPE: customerCart Creation Error: ORA-01400: cannot insert NULL into ("SAMPURNA"."CART"."ORDER_PRODUCT_ID")Cart: Session ID: c4r2jfvb9ajuk7qk2e9mjb3rej, USER_ID: 12, USER_TYPE: customerCart: After session.php, USER_ID: 12, USER_TYPE: customerCart Creation Error: ORA-01400: cannot insert NULL into ("SAMPURNA"."CART"."ORDER_PRODUCT_ID")Cart: Session ID: c4r2jfvb9ajuk7qk2e9mjb3rej, USER_ID: 12, USER_TYPE: customerCart: After session.php, USER_ID: 12, USER_TYPE: customerCart Creation Error: ORA-01400: cannot insert NULL into ("SAMPURNA"."CART"."ORDER_PRODUCT_ID")Cart: Session ID: c4r2jfvb9ajuk7qk2e9mjb3rej, USER_ID: 12, USER_TYPE: customerCart: After session.php, USER_ID: 12, USER_TYPE: customerCart Creation Error: ORA-01400: cannot insert NULL into ("SAMPURNA"."CART"."ORDER_PRODUCT_ID")Cart: Session ID: c4r2jfvb9ajuk7qk2e9mjb3rej, USER_ID: 12, USER_TYPE: customerCart: After session.php, USER_ID: 12, USER_TYPE: customerCart Creation Error: ORA-01400: cannot insert NULL into ("SAMPURNA"."CART"."ORDER_PRODUCT_ID")Cart: Session ID: c4r2jfvb9ajuk7qk2e9mjb3rej, USER_ID: 12, USER_TYPE: customerCart: After session.php, USER_ID: 12, USER_TYPE: customerCart Creation Error: ORA-01400: cannot insert NULL into ("SAMPURNA"."CART"."ORDER_PRODUCT_ID")Cart: Session ID: c4r2jfvb9ajuk7qk2e9mjb3rej, USER_ID: 12, USER_TYPE: customerCart: After session.php, USER_ID: 12, USER_TYPE: customerCart Creation Error: ORA-01400: cannot insert NULL into ("SAMPURNA"."CART"."ORDER_PRODUCT_ID")Cart: Session ID: c4r2jfvb9ajuk7qk2e9mjb3rej, USER_ID: 12, USER_TYPE: customerCart: After session.php, USER_ID: 12, USER_TYPE: customerCart Creation Error: ORA-01400: cannot insert NULL into ("SAMPURNA"."CART"."ORDER_PRODUCT_ID")Cart: Session ID: c4r2jfvb9ajuk7qk2e9mjb3rej, USER_ID: 12, USER_TYPE: customerCart: After session.php, USER_ID: 12, USER_TYPE: customerCart Creation Error: ORA-01400: cannot insert NULL into ("SAMPURNA"."CART"."ORDER_PRODUCT_ID")Cart: Session ID: c4r2jfvb9ajuk7qk2e9mjb3rej, USER_ID: 12, USER_TYPE: customerCart: After session.php, USER_ID: 12, USER_TYPE: customerCart Creation Error: ORA-01400: cannot insert NULL into ("SAMPURNA"."CART"."ORDER_PRODUCT_ID")Cart: Session ID: c4r2jfvb9ajuk7qk2e9mjb3rej, USER_ID: 12, USER_TYPE: customerCart: After session.php, USER_ID: 12, USER_TYPE: customerCart Creation Error: ORA-01400: cannot insert NULL into ("SAMPURNA"."CART"."ORDER_PRODUCT_ID")Cart: Session ID: c4r2jfvb9ajuk7qk2e9mjb3rej, USER_ID: 12, USER_TYPE: customerCart: After session.php, USER_ID: 12, USER_TYPE: customerCart Creation Error: ORA-01400: cannot insert NULL into ("SAMPURNA"."CART"."ORDER_PRODUCT_ID")Cart: Session ID: c4r2jfvb9ajuk7qk2e9mjb3rej, USER_ID: 12, USER_TYPE: customerCart: After session.php, USER_ID: 12, USER_TYPE: customerCart Creation Error: ORA-01400: cannot insert NULL into ("SAMPURNA"."CART"."ORDER_PRODUCT_ID")Cart: Session ID: c4r2jfvb9ajuk7qk2e9mjb3rej, USER_ID: 12, USER_TYPE: customerCart: After session.php, USER_ID: 12, USER_TYPE: customerCart Creation Error: ORA-01400: cannot insert NULL into ("SAMPURNA"."CART"."ORDER_PRODUCT_ID")Cart: Session ID: c4r2jfvb9ajuk7qk2e9mjb3rej, USER_ID: 12, USER_TYPE: customerCart: After session.php, USER_ID: 12, USER_TYPE: customerCart Creation Error: ORA-01400: cannot insert NULL into ("SAMPURNA"."CART"."ORDER_PRODUCT_ID")Cart: Session ID: c4r2jfvb9ajuk7qk2e9mjb3rej, USER_ID: 12, USER_TYPE: customerCart: After session.php, USER_ID: 12, USER_TYPE: customerCart Creation Error: ORA-01400: cannot insert NULL into ("SAMPURNA"."CART"."ORDER_PRODUCT_ID")Cart: Session ID: c4r2jfvb9ajuk7qk2e9mjb3rej, USER_ID: 12, USER_TYPE: customerCart: After session.php, USER_ID: 12, USER_TYPE: customerCart Creation Error: ORA-01400: cannot insert NULL into ("SAMPURNA"."CART"."ORDER_PRODUCT_ID")Cart: Session ID: c4r2jfvb9ajuk7qk2e9mjb3rej, USER_ID: 12, USER_TYPE: customerCart: After session.php, USER_ID: 12, USER_TYPE: customerCart Creation Error: ORA-01400: cannot insert NULL into ("SAMPURNA"."CART"."ORDER_PRODUCT_ID")Cart: Session ID: c4r2jfvb9ajuk7qk2e9mjb3rej, USER_ID: 12, USER_TYPE: customerCart: After session.php, USER_ID: 12, USER_TYPE: customerCart Creation Error: ORA-01400: cannot insert NULL into ("SAMPURNA"."CART"."ORDER_PRODUCT_ID")Cart: Session ID: c4r2jfvb9ajuk7qk2e9mjb3rej, USER_ID: 12, USER_TYPE: customerCart: After session.php, USER_ID: 12, USER_TYPE: customerCart Creation Error: ORA-01400: cannot insert NULL into ("SAMPURNA"."CART"."ORDER_PRODUCT_ID")Cart: Session ID: c4r2jfvb9ajuk7qk2e9mjb3rej, USER_ID: 12, USER_TYPE: customerCart: After session.php, USER_ID: 12, USER_TYPE: customerQuery Execute Error: ORA-00933: SQL command not properly endedCart: Session ID: c4r2jfvb9ajuk7qk2e9mjb3rej, USER_ID: 12, USER_TYPE: customerCart: After session.php, USER_ID: 12, USER_TYPE: customerQuery Execute Error: ORA-00933: SQL command not properly endedCart: Session ID: c4r2jfvb9ajuk7qk2e9mjb3rej, USER_ID: 12, USER_TYPE: customerCart: After session.php, USER_ID: 12, USER_TYPE: customerExecuting Query: SELECT customer_id FROM CUSTOMER WHERE user_id = :user_idExecuting Query: SELECT cart_id FROM CART WHERE customer_id = :customer_id AND ROWNUM = 1 ORDER BY cart_id DESCCart: Created new cart with ID: 930Executing Query: SELECT ci.cart_id, ci.product_id, ci.no_of_products, ci.product_price, 
                   p.product_name, p.product_picture, p.product_price AS original_price
            FROM CART_ITEM ci
            JOIN PRODUCT p ON ci.product_id = p.product_id
            WHERE ci.cart_id = :cart_idCart: Session ID: c4r2jfvb9ajuk7qk2e9mjb3rej, USER_ID: 12, USER_TYPE: customerCart: After session.php, USER_ID: 12, USER_TYPE: customerExecuting Query: SELECT customer_id FROM CUSTOMER WHERE user_id = :user_idExecuting Query: SELECT cart_id FROM CART WHERE customer_id = :customer_id AND ROWNUM = 1 ORDER BY cart_id DESCExecuting Query: SELECT ci.cart_id, ci.product_id, ci.no_of_products, ci.product_price, 
                   p.product_name, p.product_picture, p.product_price AS original_price
            FROM CART_ITEM ci
            JOIN PRODUCT p ON ci.product_id = p.product_id
            WHERE ci.cart_id = :cart_idCart: Session ID: c4r2jfvb9ajuk7qk2e9mjb3rej, USER_ID: 12, USER_TYPE: customerCart: After session.php, USER_ID: 12, USER_TYPE: customerExecuting Query: SELECT customer_id FROM CUSTOMER WHERE user_id = :user_idExecuting Query: SELECT cart_id FROM CART WHERE customer_id = :customer_id AND ROWNUM = 1 ORDER BY cart_id DESCExecuting Query: SELECT ci.cart_id, ci.product_id, ci.no_of_products, ci.product_price, 
                   p.product_name, p.product_picture, p.product_price AS original_price
            FROM CART_ITEM ci
            JOIN PRODUCT p ON ci.product_id = p.product_id
            WHERE ci.cart_id = :cart_idCart: Session ID: c4r2jfvb9ajuk7qk2e9mjb3rej, USER_ID: 12, USER_TYPE: customerCart: After session.php, USER_ID: 12, USER_TYPE: customerExecuting Query: SELECT customer_id FROM CUSTOMER WHERE user_id = :user_idExecuting Query: SELECT cart_id FROM CART WHERE customer_id = :customer_id AND ROWNUM = 1 ORDER BY cart_id DESCExecuting Query: SELECT ci.cart_id, ci.product_id, ci.no_of_products, ci.product_price, 
                   p.product_name, p.product_picture, p.product_price AS original_price
            FROM CART_ITEM ci
            JOIN PRODUCT p ON ci.product_id = p.product_id
            WHERE ci.cart_id = :cart_idCart: Session ID: c4r2jfvb9ajuk7qk2e9mjb3rej, USER_ID: 12, USER_TYPE: customerCart: After session.php, USER_ID: 12, USER_TYPE: customerExecuting Query: SELECT customer_id FROM CUSTOMER WHERE user_id = :user_idExecuting Query: SELECT cart_id FROM CART WHERE customer_id = :customer_id AND ROWNUM = 1 ORDER BY cart_id DESCExecuting Query: SELECT ci.cart_id, ci.product_id, ci.no_of_products, ci.product_price, 
                   p.product_name, p.product_picture, p.product_price AS original_price
            FROM CART_ITEM ci
            JOIN PRODUCT p ON ci.product_id = p.product_id
            WHERE ci.cart_id = :cart_idCart: Session ID: c4r2jfvb9ajuk7qk2e9mjb3rej, USER_ID: 12, USER_TYPE: customerCart: After session.php, USER_ID: 12, USER_TYPE: customerExecuting Query: SELECT customer_id FROM CUSTOMER WHERE user_id = :user_idExecuting Query: SELECT cart_id FROM CART WHERE customer_id = :customer_id AND ROWNUM = 1 ORDER BY cart_id DESCExecuting Query: SELECT ci.cart_id, ci.product_id, ci.no_of_products, ci.product_price, 
                   p.product_name, p.product_picture, p.product_price AS original_price
            FROM CART_ITEM ci
            JOIN PRODUCT p ON ci.product_id = p.product_id
            WHERE ci.cart_id = :cart_idCart: Session ID: c4r2jfvb9ajuk7qk2e9mjb3rej, USER_ID: 12, USER_TYPE: customerCart: After session.php, USER_ID: 12, USER_TYPE: customerExecuting Query: SELECT customer_id FROM CUSTOMER WHERE user_id = :user_idExecuting Query: SELECT cart_id FROM CART WHERE customer_id = :customer_id AND ROWNUM = 1 ORDER BY cart_id DESCExecuting Query: SELECT ci.cart_id, ci.product_id, ci.no_of_products, ci.product_price, 
                   p.product_name, p.product_picture, p.product_price AS original_price
            FROM CART_ITEM ci
            JOIN PRODUCT p ON ci.product_id = p.product_id
            WHERE ci.cart_id = :cart_idCart: Session ID: c4r2jfvb9ajuk7qk2e9mjb3rej, USER_ID: 12, USER_TYPE: customerCart: After session.php, USER_ID: 12, USER_TYPE: customerExecuting Query: SELECT customer_id FROM CUSTOMER WHERE user_id = :user_idExecuting Query: SELECT cart_id FROM CART WHERE customer_id = :customer_id AND ROWNUM = 1 ORDER BY cart_id DESCExecuting Query: SELECT ci.cart_id, ci.product_id, ci.no_of_products, ci.product_price, 
                   p.product_name, p.product_picture, p.product_price AS original_price
            FROM CART_ITEM ci
            JOIN PRODUCT p ON ci.product_id = p.product_id
            WHERE ci.cart_id = :cart_idCart: Session ID: c4r2jfvb9ajuk7qk2e9mjb3rej, USER_ID: 12, USER_TYPE: customerCart: After session.php, USER_ID: 12, USER_TYPE: customerExecuting Query: SELECT customer_id FROM CUSTOMER WHERE user_id = :user_idExecuting Query: SELECT cart_id FROM CART WHERE customer_id = :customer_id AND ROWNUM = 1 ORDER BY cart_id DESCExecuting Query: SELECT ci.cart_id, ci.product_id, ci.no_of_products, ci.product_price, 
                   p.product_name, p.product_picture, p.product_price AS original_price
            FROM CART_ITEM ci
            JOIN PRODUCT p ON ci.product_id = p.product_id
            WHERE ci.cart_id = :cart_idCart: Session ID: c4r2jfvb9ajuk7qk2e9mjb3rej, USER_ID: 12, USER_TYPE: customerCart: After session.php, USER_ID: 12, USER_TYPE: customerExecuting Query: SELECT customer_id FROM CUSTOMER WHERE user_id = :user_idExecuting Query: SELECT cart_id FROM CART WHERE customer_id = :customer_id AND ROWNUM = 1 ORDER BY cart_id DESCExecuting Query: SELECT ci.cart_id, ci.product_id, ci.no_of_products, ci.product_price, 
                   p.product_name, p.product_picture, p.product_price AS original_price
            FROM CART_ITEM ci
            JOIN PRODUCT p ON ci.product_id = p.product_id
            WHERE ci.cart_id = :cart_idCart: Session ID: c4r2jfvb9ajuk7qk2e9mjb3rej, USER_ID: 12, USER_TYPE: customerCart: After session.php, USER_ID: 12, USER_TYPE: customerExecuting Query: SELECT customer_id FROM CUSTOMER WHERE user_id = :user_idExecuting Query: SELECT cart_id FROM CART WHERE customer_id = :customer_id AND ROWNUM = 1 ORDER BY cart_id DESCExecuting Query: SELECT ci.cart_id, ci.product_id, ci.no_of_products, ci.product_price, 
                   p.product_name, p.product_picture, p.product_price AS original_price
            FROM CART_ITEM ci
            JOIN PRODUCT p ON ci.product_id = p.product_id
            WHERE ci.cart_id = :cart_idCart: Session ID: c4r2jfvb9ajuk7qk2e9mjb3rej, USER_ID: 12, USER_TYPE: customerCart: After session.php, USER_ID: 12, USER_TYPE: customerExecuting Query: SELECT customer_id FROM CUSTOMER WHERE user_id = :user_idExecuting Query: SELECT cart_id FROM CART WHERE customer_id = :customer_id AND ROWNUM = 1 ORDER BY cart_id DESCExecuting Query: SELECT ci.cart_id, ci.product_id, ci.no_of_products, ci.product_price, 
                   p.product_name, p.product_picture, p.product_price AS original_price
            FROM CART_ITEM ci
            JOIN PRODUCT p ON ci.product_id = p.product_id
            WHERE ci.cart_id = :cart_idCart: Session ID: c4r2jfvb9ajuk7qk2e9mjb3rej, USER_ID: 12, USER_TYPE: customerCart: After session.php, USER_ID: 12, USER_TYPE: customerExecuting Query: SELECT customer_id FROM CUSTOMER WHERE user_id = :user_idExecuting Query: SELECT cart_id FROM CART WHERE customer_id = :customer_id AND ROWNUM = 1 ORDER BY cart_id DESCExecuting Query: SELECT ci.cart_id, ci.product_id, ci.no_of_products, ci.product_price, 
                   p.product_name, p.product_picture, p.product_price AS original_price
            FROM CART_ITEM ci
            JOIN PRODUCT p ON ci.product_id = p.product_id
            WHERE ci.cart_id = :cart_idCart: Session ID: c4r2jfvb9ajuk7qk2e9mjb3rej, USER_ID: 12, USER_TYPE: customerCart: After session.php, USER_ID: 12, USER_TYPE: customerExecuting Query: SELECT customer_id FROM CUSTOMER WHERE user_id = :user_idExecuting Query: SELECT cart_id FROM CART WHERE customer_id = :customer_id AND ROWNUM = 1 ORDER BY cart_id DESCExecuting Query: SELECT ci.cart_id, ci.product_id, ci.no_of_products, ci.product_price, 
                   p.product_name, p.product_picture, p.product_price AS original_price
            FROM CART_ITEM ci
            JOIN PRODUCT p ON ci.product_id = p.product_id
            WHERE ci.cart_id = :cart_idCart: Session ID: c4r2jfvb9ajuk7qk2e9mjb3rej, USER_ID: 12, USER_TYPE: customerCart: After session.php, USER_ID: 12, USER_TYPE: customerExecuting Query: SELECT customer_id FROM CUSTOMER WHERE user_id = :user_idExecuting Query: SELECT cart_id FROM CART WHERE customer_id = :customer_id AND ROWNUM = 1 ORDER BY cart_id DESCExecuting Query: SELECT ci.cart_id, ci.product_id, ci.no_of_products, ci.product_price, 
                   p.product_name, p.product_picture, p.product_price AS original_price
            FROM CART_ITEM ci
            JOIN PRODUCT p ON ci.product_id = p.product_id
            WHERE ci.cart_id = :cart_idCart: Session ID: c4r2jfvb9ajuk7qk2e9mjb3rej, USER_ID: 12, USER_TYPE: customerCart: After session.php, USER_ID: 12, USER_TYPE: customerExecuting Query: SELECT customer_id FROM CUSTOMER WHERE user_id = :user_idExecuting Query: SELECT cart_id FROM CART WHERE customer_id = :customer_id AND ROWNUM = 1 ORDER BY cart_id DESCExecuting Query: SELECT ci.cart_id, ci.product_id, ci.no_of_products, ci.product_price, 
                   p.product_name, p.product_picture, p.product_price AS original_price
            FROM CART_ITEM ci
            JOIN PRODUCT p ON ci.product_id = p.product_id
            WHERE ci.cart_id = :cart_idCart: Session ID: c4r2jfvb9ajuk7qk2e9mjb3rej, USER_ID: 12, USER_TYPE: customerCart: After session.php, USER_ID: 12, USER_TYPE: customerExecuting Query: SELECT customer_id FROM CUSTOMER WHERE user_id = :user_idExecuting Query: SELECT cart_id FROM CART WHERE customer_id = :customer_id AND ROWNUM = 1 ORDER BY cart_id DESCExecuting Query: SELECT ci.cart_id, ci.product_id, ci.no_of_products, ci.product_price, 
                   p.product_name, p.product_picture, p.product_price AS original_price
            FROM CART_ITEM ci
            JOIN PRODUCT p ON ci.product_id = p.product_id
            WHERE ci.cart_id = :cart_idCart: Session ID: c4r2jfvb9ajuk7qk2e9mjb3rej, USER_ID: 12, USER_TYPE: customerCart: After session.php, USER_ID: 12, USER_TYPE: customerExecuting Query: SELECT customer_id FROM CUSTOMER WHERE user_id = :user_idExecuting Query: SELECT cart_id FROM CART WHERE customer_id = :customer_id AND ROWNUM = 1 ORDER BY cart_id DESCExecuting Query: SELECT ci.cart_id, ci.product_id, ci.no_of_products, ci.product_price, 
                   p.product_name, p.product_picture, p.product_price AS original_price
            FROM CART_ITEM ci
            JOIN PRODUCT p ON ci.product_id = p.product_id
            WHERE ci.cart_id = :cart_idCart: Session ID: c4r2jfvb9ajuk7qk2e9mjb3rej, USER_ID: 12, USER_TYPE: customerCart: After session.php, USER_ID: 12, USER_TYPE: customerExecuting Query: SELECT customer_id FROM CUSTOMER WHERE user_id = :user_idExecuting Query: SELECT cart_id FROM CART WHERE customer_id = :customer_id AND ROWNUM = 1 ORDER BY cart_id DESCExecuting Query: SELECT ci.cart_id, ci.product_id, ci.no_of_products, ci.product_price, 
                   p.product_name, p.product_picture, p.product_price AS original_price
            FROM CART_ITEM ci
            JOIN PRODUCT p ON ci.product_id = p.product_id
            WHERE ci.cart_id = :cart_idCart: Session ID: c4r2jfvb9ajuk7qk2e9mjb3rej, USER_ID: 12, USER_TYPE: customerCart: After session.php, USER_ID: 12, USER_TYPE: customerExecuting Query: SELECT customer_id FROM CUSTOMER WHERE user_id = :user_idExecuting Query: SELECT cart_id FROM CART WHERE customer_id = :customer_id AND ROWNUM = 1 ORDER BY cart_id DESCExecuting Query: SELECT ci.cart_id, ci.product_id, ci.no_of_products, ci.product_price, 
                   p.product_name, p.product_picture, p.product_price AS original_price
            FROM CART_ITEM ci
            JOIN PRODUCT p ON ci.product_id = p.product_id
            WHERE ci.cart_id = :cart_idCart: Session ID: c4r2jfvb9ajuk7qk2e9mjb3rej, USER_ID: 12, USER_TYPE: customerCart: After session.php, USER_ID: 12, USER_TYPE: customerExecuting Query: SELECT customer_id FROM CUSTOMER WHERE user_id = :user_idExecuting Query: SELECT cart_id FROM (SELECT cart_id FROM CART WHERE customer_id = :customer_id ORDER BY cart_id DESC) WHERE ROWNUM = 1Executing Query: SELECT ci.cart_id, ci.product_id, ci.no_of_products, ci.product_price, 
                   p.product_name, p.product_picture, p.product_price AS original_price
            FROM CART_ITEM ci
            JOIN PRODUCT p ON ci.product_id = p.product_id
            WHERE ci.cart_id = :cart_idCart: Session ID: c4r2jfvb9ajuk7qk2e9mjb3rej, USER_ID: 12, USER_TYPE: customerCart: After session.php, USER_ID: 12, USER_TYPE: customerExecuting Query: SELECT customer_id FROM CUSTOMER WHERE user_id = :user_idExecuting Query: SELECT cart_id FROM (SELECT cart_id FROM CART WHERE customer_id = :customer_id ORDER BY cart_id DESC) WHERE ROWNUM = 1Executing Query: SELECT ci.cart_id, ci.product_id, ci.no_of_products, ci.product_price, 
                   p.product_name, p.product_picture, p.product_price AS original_price
            FROM CART_ITEM ci
            JOIN PRODUCT p ON ci.product_id = p.product_id
            WHERE ci.cart_id = :cart_idCart: Session ID: c4r2jfvb9ajuk7qk2e9mjb3rej, USER_ID: 12, USER_TYPE: customerCart: After session.php, USER_ID: 12, USER_TYPE: customerExecuting Query: SELECT customer_id FROM CUSTOMER WHERE user_id = :user_idExecuting Query: SELECT cart_id FROM CART WHERE customer_id = :customer_id AND ROWNUM <= 1 ORDER BY cart_id DESCExecuting Query: SELECT ci.cart_id, ci.product_id, ci.no_of_products, ci.product_price, 
                   p.product_name, p.product_picture, p.product_price AS original_price
            FROM CART_ITEM ci
            JOIN PRODUCT p ON ci.product_id = p.product_id
            WHERE ci.cart_id = :cart_idCart: Session ID: c4r2jfvb9ajuk7qk2e9mjb3rej, USER_ID: 12, USER_TYPE: customerCart: After session.php, USER_ID: 12, USER_TYPE: customerExecuting Query: SELECT customer_id FROM CUSTOMER WHERE user_id = :user_idExecuting Query: SELECT cart_id FROM CART WHERE customer_id = :customer_id AND ROWNUM <= 1 ORDER BY cart_id DESCExecuting Query: SELECT ci.cart_id, ci.product_id, ci.no_of_products, ci.product_price, 
                   p.product_name, p.product_picture, p.product_price AS original_price
            FROM CART_ITEM ci
            JOIN PRODUCT p ON ci.product_id = p.product_id
            WHERE ci.cart_id = :cart_idCart: Session ID: c4r2jfvb9ajuk7qk2e9mjb3rej, USER_ID: 12, USER_TYPE: customerCart: After session.php, USER_ID: 12, USER_TYPE: customerExecuting Query: SELECT customer_id FROM CUSTOMER WHERE user_id = :user_idExecuting Query: SELECT cart_id FROM CART WHERE customer_id = :customer_id AND ROWNUM <= 1 ORDER BY cart_id DESCExecuting Query: SELECT ci.cart_id, ci.product_id, ci.no_of_products, ci.product_price, 
                   p.product_name, p.product_picture, p.product_price AS original_price
            FROM CART_ITEM ci
            JOIN PRODUCT p ON ci.product_id = p.product_id
            WHERE ci.cart_id = :cart_idCart: Session ID: c4r2jfvb9ajuk7qk2e9mjb3rej, USER_ID: 12, USER_TYPE: customerCart: After session.php, USER_ID: 12, USER_TYPE: customerExecuting Query: SELECT customer_id FROM CUSTOMER WHERE user_id = :user_idExecuting Query: SELECT cart_id FROM CART WHERE customer_id = :customer_id AND ROWNUM <= 1 ORDER BY cart_id DESCExecuting Query: SELECT ci.cart_id, ci.product_id, ci.no_of_products, ci.product_price, 
                   p.product_name, p.product_picture, p.product_price AS original_price
            FROM CART_ITEM ci
            JOIN PRODUCT p ON ci.product_id = p.product_id
            WHERE ci.cart_id = :cart_idCart: Session ID: c4r2jfvb9ajuk7qk2e9mjb3rej, USER_ID: 12, USER_TYPE: customerCart: After session.php, USER_ID: 12, USER_TYPE: customerExecuting Query: SELECT customer_id FROM CUSTOMER WHERE user_id = :user_idExecuting Query: SELECT cart_id FROM CART WHERE customer_id = :customer_id AND ROWNUM <= 1 ORDER BY cart_id DESCExecuting Query: SELECT ci.cart_id, ci.product_id, ci.no_of_products, ci.product_price, 
                   p.product_name, p.product_picture, p.product_price AS original_price
            FROM CART_ITEM ci
            JOIN PRODUCT p ON ci.product_id = p.product_id
            WHERE ci.cart_id = :cart_idCart: Session ID: c4r2jfvb9ajuk7qk2e9mjb3rej, USER_ID: 12, USER_TYPE: customerCart: After session.php, USER_ID: 12, USER_TYPE: customerExecuting Query: SELECT customer_id FROM CUSTOMER WHERE user_id = :user_idExecuting Query: SELECT cart_id FROM CART WHERE customer_id = :customer_id AND ROWNUM <= 1 ORDER BY cart_id DESCExecuting Query: SELECT ci.cart_id, ci.product_id, ci.no_of_products, ci.product_price, 
                   p.product_name, p.product_picture, p.product_price AS original_price
            FROM CART_ITEM ci
            JOIN PRODUCT p ON ci.product_id = p.product_id
            WHERE ci.cart_id = :cart_idCart: Session ID: c4r2jfvb9ajuk7qk2e9mjb3rej, USER_ID: 12, USER_TYPE: customerCart: After session.php, USER_ID: 12, USER_TYPE: customerExecuting Query: SELECT customer_id FROM CUSTOMER WHERE user_id = :user_idExecuting Query: SELECT cart_id FROM CART WHERE customer_id = :customer_id AND ROWNUM <= 1 ORDER BY cart_id DESCExecuting Query: SELECT ci.cart_id, ci.product_id, ci.no_of_products, ci.product_price, 
                   p.product_name, p.product_picture, p.product_price AS original_price
            FROM CART_ITEM ci
            JOIN PRODUCT p ON ci.product_id = p.product_id
            WHERE ci.cart_id = :cart_idCart: Session ID: c4r2jfvb9ajuk7qk2e9mjb3rej, USER_ID: 12, USER_TYPE: customerCart: After session.php, USER_ID: 12, USER_TYPE: customerExecuting Query: SELECT customer_id FROM CUSTOMER WHERE user_id = :user_idExecuting Query: SELECT cart_id FROM CART WHERE customer_id = :customer_id AND ROWNUM <= 1 ORDER BY cart_id DESCExecuting Query: SELECT ci.cart_id, ci.product_id, ci.no_of_products, ci.product_price, 
                   p.product_name, p.product_picture, p.product_price AS original_price
            FROM CART_ITEM ci
            JOIN PRODUCT p ON ci.product_id = p.product_id
            WHERE ci.cart_id = :cart_idCart: Session ID: c4r2jfvb9ajuk7qk2e9mjb3rej, USER_ID: 12, USER_TYPE: customerCart: After session.php, USER_ID: 12, USER_TYPE: customerExecuting Query: SELECT customer_id FROM CUSTOMER WHERE user_id = :user_idExecuting Query: SELECT cart_id FROM CART WHERE customer_id = :customer_id AND ROWNUM <= 1 ORDER BY cart_id DESCExecuting Query: SELECT ci.cart_id, ci.product_id, ci.no_of_products, ci.product_price, 
                   p.product_name, p.product_picture, p.product_price AS original_price
            FROM CART_ITEM ci
            JOIN PRODUCT p ON ci.product_id = p.product_id
            WHERE ci.cart_id = :cart_idCart: Session ID: c4r2jfvb9ajuk7qk2e9mjb3rej, USER_ID: 12, USER_TYPE: customerCart: After session.php, USER_ID: 12, USER_TYPE: customerExecuting Query: SELECT customer_id FROM CUSTOMER WHERE user_id = :user_idExecuting Query: SELECT cart_id FROM CART WHERE customer_id = :customer_id AND ROWNUM <= 1 ORDER BY cart_id DESCExecuting Query: SELECT ci.cart_id, ci.product_id, ci.no_of_products, ci.product_price, 
                   p.product_name, p.product_picture, p.product_price AS original_price
            FROM CART_ITEM ci
            JOIN PRODUCT p ON ci.product_id = p.product_id
            WHERE ci.cart_id = :cart_idCart: Session ID: c4r2jfvb9ajuk7qk2e9mjb3rej, USER_ID: 12, USER_TYPE: customerCart: After session.php, USER_ID: 12, USER_TYPE: customerExecuting Query: SELECT customer_id FROM CUSTOMER WHERE user_id = :user_idExecuting Query: SELECT cart_id FROM CART WHERE customer_id = :customer_id AND ROWNUM <= 1 ORDER BY cart_id DESCExecuting Query: SELECT ci.cart_id, ci.product_id, ci.no_of_products, ci.product_price, 
                   p.product_name, p.product_picture, p.product_price AS original_price
            FROM CART_ITEM ci
            JOIN PRODUCT p ON ci.product_id = p.product_id
            WHERE ci.cart_id = :cart_idCart: Session ID: c4r2jfvb9ajuk7qk2e9mjb3rej, USER_ID: 12, USER_TYPE: customerCart: After session.php, USER_ID: 12, USER_TYPE: customerExecuting Query: SELECT customer_id FROM CUSTOMER WHERE user_id = :user_idExecuting Query: SELECT cart_id FROM CART WHERE customer_id = :customer_id AND order_product_id IS NULLCart: Created new cart with ID: 936Executing Query: SELECT ci.cart_id, ci.product_id, ci.no_of_products, ci.product_price, 
                   p.product_name, p.product_picture, p.product_price AS original_price
            FROM CART_ITEM ci
            JOIN PRODUCT p ON ci.product_id = p.product_id
            WHERE ci.cart_id = :cart_idCart: Session ID: c4r2jfvb9ajuk7qk2e9mjb3rej, USER_ID: 12, USER_TYPE: customerCart: After session.php, USER_ID: 12, USER_TYPE: customerExecuting Query: SELECT customer_id FROM CUSTOMER WHERE user_id = :user_idExecuting Query: SELECT cart_id FROM CART WHERE customer_id = :customer_id AND order_product_id IS NULLCart: Created new cart with ID: 938Executing Query: SELECT ci.cart_id, ci.product_id, ci.no_of_products, ci.product_price, 
                   p.product_name, p.product_picture, p.product_price AS original_price
            FROM CART_ITEM ci
            JOIN PRODUCT p ON ci.product_id = p.product_id
            WHERE ci.cart_id = :cart_idCart: Session ID: c4r2jfvb9ajuk7qk2e9mjb3rej, USER_ID: 12, USER_TYPE: customerCart: After session.php, USER_ID: 12, USER_TYPE: customerExecuting Query: SELECT customer_id FROM CUSTOMER WHERE user_id = :user_idExecuting Query: SELECT cart_id FROM CART WHERE customer_id = :customer_id AND order_product_id IS NULLCart: Created new cart with ID: 940Executing Query: SELECT ci.cart_id, ci.product_id, ci.no_of_products, ci.product_price, 
                   p.product_name, p.product_picture, p.product_price AS original_price
            FROM CART_ITEM ci
            JOIN PRODUCT p ON ci.product_id = p.product_id
            WHERE ci.cart_id = :cart_idCart: Session ID: c4r2jfvb9ajuk7qk2e9mjb3rej, USER_ID: 12, USER_TYPE: customerCart: After session.php, USER_ID: 12, USER_TYPE: customerExecuting Query: SELECT customer_id FROM CUSTOMER WHERE user_id = :user_idExecuting Query: SELECT cart_id FROM CART WHERE customer_id = :customer_id AND order_product_id IS NULLCart: Created new cart with ID: 941Executing Query: SELECT ci.cart_id, ci.product_id, ci.no_of_products, ci.product_price, 
                   p.product_name, p.product_picture, p.product_price AS original_price
            FROM CART_ITEM ci
            JOIN PRODUCT p ON ci.product_id = p.product_id
            WHERE ci.cart_id = :cart_idCart: Session ID: c4r2jfvb9ajuk7qk2e9mjb3rej, USER_ID: 12, USER_TYPE: customerCart: After session.php, USER_ID: 12, USER_TYPE: customerExecuting Query: SELECT customer_id FROM CUSTOMER WHERE user_id = :user_idExecuting Query: SELECT cart_id FROM CART WHERE customer_id = :customer_id AND order_product_id IS NULLCart: Created new cart with ID: 942Executing Query: SELECT ci.cart_id, ci.product_id, ci.no_of_products, ci.product_price, 
                   p.product_name, p.product_picture, p.product_price AS original_price
            FROM CART_ITEM ci
            JOIN PRODUCT p ON ci.product_id = p.product_id
            WHERE ci.cart_id = :cart_idCart: Session ID: c4r2jfvb9ajuk7qk2e9mjb3rej, USER_ID: 12, USER_TYPE: customerCart: After session.php, USER_ID: 12, USER_TYPE: customerExecuting Query: SELECT customer_id FROM CUSTOMER WHERE user_id = :user_idExecuting Query: SELECT cart_id FROM CART WHERE customer_id = :customer_id AND order_product_id IS NULLCart: Created new cart with ID: 943Executing Query: SELECT ci.cart_id, ci.product_id, ci.no_of_products, ci.product_price, 
                   p.product_name, p.product_picture, p.product_price AS original_price
            FROM CART_ITEM ci
            JOIN PRODUCT p ON ci.product_id = p.product_id
            WHERE ci.cart_id = :cart_idCart: Session ID: c4r2jfvb9ajuk7qk2e9mjb3rej, USER_ID: 12, USER_TYPE: customerCart: After session.php, USER_ID: 12, USER_TYPE: customerExecuting Query: SELECT customer_id FROM CUSTOMER WHERE user_id = :user_idExecuting Query: SELECT cart_id FROM CART WHERE customer_id = :customer_id AND order_product_id IS NULLCart: Created new cart with ID: 944Executing Query: SELECT ci.cart_id, ci.product_id, ci.no_of_products, ci.product_price, 
                   p.product_name, p.product_picture, p.product_price AS original_price
            FROM CART_ITEM ci
            JOIN PRODUCT p ON ci.product_id = p.product_id
            WHERE ci.cart_id = :cart_idCart: Session ID: c4r2jfvb9ajuk7qk2e9mjb3rej, USER_ID: 12, USER_TYPE: customerCart: After session.php, USER_ID: 12, USER_TYPE: customerExecuting Query: SELECT customer_id FROM CUSTOMER WHERE user_id = :user_idExecuting Query: SELECT cart_id FROM CART WHERE customer_id = :customer_id AND order_product_id IS NULLCart: Created new cart with ID: 945Executing Query: SELECT ci.cart_id, ci.product_id, ci.no_of_products, ci.product_price, 
                   p.product_name, p.product_picture, p.product_price AS original_price
            FROM CART_ITEM ci
            JOIN PRODUCT p ON ci.product_id = p.product_id
            WHERE ci.cart_id = :cart_idCart: Session ID: c4r2jfvb9ajuk7qk2e9mjb3rej, USER_ID: 12, USER_TYPE: customerCart: After session.php, USER_ID: 12, USER_TYPE: customerExecuting Query: SELECT customer_id FROM CUSTOMER WHERE user_id = :user_idExecuting Query: SELECT cart_id FROM CART WHERE customer_id = :customer_id AND order_product_id IS NULLCart: Created new cart with ID: 946Executing Query: SELECT ci.cart_id, ci.product_id, ci.no_of_products, ci.product_price, 
                   p.product_name, p.product_picture, p.product_price AS original_price
            FROM CART_ITEM ci
            JOIN PRODUCT p ON ci.product_id = p.product_id
            WHERE ci.cart_id = :cart_idCart: Session ID: c4r2jfvb9ajuk7qk2e9mjb3rej, USER_ID: 12, USER_TYPE: customerCart: After session.php, USER_ID: 12, USER_TYPE: customerExecuting Query: SELECT customer_id FROM CUSTOMER WHERE user_id = :user_idExecuting Query: SELECT cart_id FROM CART WHERE customer_id = :customer_id AND order_product_id IS NULLCart: Created new cart with ID: 947Executing Query: SELECT ci.cart_id, ci.product_id, ci.no_of_products, ci.product_price, 
                   p.product_name, p.product_picture, p.product_price AS original_price
            FROM CART_ITEM ci
            JOIN PRODUCT p ON ci.product_id = p.product_id
            WHERE ci.cart_id = :cart_idCart: Session ID: c4r2jfvb9ajuk7qk2e9mjb3rej, USER_ID: 12, USER_TYPE: customerCart: After session.php, USER_ID: 12, USER_TYPE: customerExecuting Query: SELECT customer_id FROM CUSTOMER WHERE user_id = :user_idExecuting Query: SELECT cart_id FROM CART WHERE customer_id = :customer_id AND order_product_id IS NULLCart: Created new cart with ID: 948Executing Query: SELECT ci.cart_id, ci.product_id, ci.no_of_products, ci.product_price, 
                   p.product_name, p.product_picture, p.product_price AS original_price
            FROM CART_ITEM ci
            JOIN PRODUCT p ON ci.product_id = p.product_id
            WHERE ci.cart_id = :cart_idCart: Session ID: c4r2jfvb9ajuk7qk2e9mjb3rej, USER_ID: 12, USER_TYPE: customerCart: After session.php, USER_ID: 12, USER_TYPE: customerExecuting Query: SELECT customer_id FROM CUSTOMER WHERE user_id = :user_idExecuting Query: SELECT cart_id FROM CART WHERE customer_id = :customer_id AND ROWNUM <= 1 ORDER BY cart_id DESCExecuting Query: SELECT ci.cart_id, ci.product_id, ci.no_of_products, ci.product_price, 
                   p.product_name, p.product_picture, p.product_price AS original_price
            FROM CART_ITEM ci
            JOIN PRODUCT p ON ci.product_id = p.product_id
            WHERE ci.cart_id = :cart_idCart: Session ID: c4r2jfvb9ajuk7qk2e9mjb3rej, USER_ID: 12, USER_TYPE: customerCart: After session.php, USER_ID: 12, USER_TYPE: customerExecuting Query: SELECT customer_id FROM CUSTOMER WHERE user_id = :user_idExecuting Query: SELECT cart_id FROM CART WHERE customer_id = :customer_id AND ROWNUM <= 1 ORDER BY cart_id DESCExecuting Query: SELECT ci.cart_id, ci.product_id, ci.no_of_products, ci.product_price, 
                   p.product_name, p.product_picture, p.product_price AS original_price
            FROM CART_ITEM ci
            JOIN PRODUCT p ON ci.product_id = p.product_id
            WHERE ci.cart_id = :cart_idCart: Session ID: c4r2jfvb9ajuk7qk2e9mjb3rej, USER_ID: 12, USER_TYPE: customerCart: After session.php, USER_ID: 12, USER_TYPE: customerExecuting Query: SELECT customer_id FROM CUSTOMER WHERE user_id = :user_idExecuting Query: SELECT cart_id FROM CART WHERE customer_id = :customer_id AND ROWNUM <= 1 ORDER BY cart_id DESCExecuting Query: SELECT ci.cart_id, ci.product_id, ci.no_of_products, ci.product_price, 
                   p.product_name, p.product_picture, p.product_price AS original_price
            FROM CART_ITEM ci
            JOIN PRODUCT p ON ci.product_id = p.product_id
            WHERE ci.cart_id = :cart_id